RUN_START|config=/workspace/assets/integration.ini|rooms=8|room_width=18|room_height=16
STATE|step=0|phase=SPAWN|state=room=0|x=4|y=15|collected=0
ENTRY|direction=NORTH
MOVE|step=1|phase=ENTRY|dir=NORTH|result=OK|before=room=0|x=4|y=15|collected=0|after=room=0|x=4|y=14|collected=0|delta_collected=0
SWEEP_START|phase=SWEEP_SOUTH|dir=SOUTH
MOVE|step=2|phase=SWEEP_SOUTH|dir=SOUTH|result=OK|before=room=0|x=4|y=14|collected=0|after=room=2|x=4|y=12|collected=0|delta_collected=0
MOVE|step=3|phase=SWEEP_SOUTH|dir=SOUTH|result=BLOCKED|before=room=2|x=4|y=12|collected=0|after=room=2|x=4|y=12|collected=0|delta_collected=0
SWEEP_END|phase=SWEEP_SOUTH|reason=BLOCKED|moves=1
SWEEP_START|phase=SWEEP_WEST|dir=WEST
MOVE|step=4|phase=SWEEP_WEST|dir=WEST|result=BLOCKED|before=room=2|x=4|y=12|collected=0|after=room=2|x=4|y=12|collected=0|delta_collected=0
SWEEP_END|phase=SWEEP_WEST|reason=BLOCKED|moves=0
SWEEP_START|phase=SWEEP_NORTH|dir=NORTH
MOVE|step=5|phase=SWEEP_NORTH|dir=NORTH|result=OK|before=room=2|x=4|y=12|collected=0|after=room=2|x=4|y=11|collected=0|delta_collected=0
MOVE|step=6|phase=SWEEP_NORTH|dir=NORTH|result=BLOCKED|before=room=2|x=4|y=11|collected=0|after=room=2|x=4|y=11|collected=0|delta_collected=0
SWEEP_END|phase=SWEEP_NORTH|reason=BLOCKED|moves=1
SWEEP_START|phase=SWEEP_EAST|dir=EAST
MOVE|step=7|phase=SWEEP_EAST|dir=EAST|result=OK|before=room=2|x=4|y=11|collected=0|after=room=2|x=5|y=11|collected=0|delta_collected=0
MOVE|step=8|phase=SWEEP_EAST|dir=EAST|result=OK|before=room=2|x=5|y=11|collected=0|after=room=2|x=6|y=11|collected=0|delta_collected=0
MOVE|step=9|phase=SWEEP_EAST|dir=EAST|result=OK|before=room=2|x=6|y=11|collected=0|after=room=2|x=7|y=11|collected=0|delta_collected=0
MOVE|step=10|phase=SWEEP_EAST|dir=EAST|result=OK|before=room=2|x=7|y=11|collected=0|after=room=2|x=8|y=11|collected=0|delta_collected=0
MOVE|step=11|phase=SWEEP_EAST|dir=EAST|result=OK|before=room=2|x=8|y=11|collected=0|after=room=2|x=8|y=11|collected=1|delta_collected=1
MOVE|step=12|phase=SWEEP_EAST|dir=EAST|result=OK|before=room=2|x=8|y=11|collected=1|after=room=2|x=9|y=11|collected=1|delta_collected=0
MOVE|step=13|phase=SWEEP_EAST|dir=EAST|result=OK|before=room=2|x=9|y=11|collected=1|after=room=2|x=10|y=11|collected=1|delta_collected=0
MOVE|step=14|phase=SWEEP_EAST|dir=EAST|result=OK|before=room=2|x=10|y=11|collected=1|after=room=2|x=10|y=11|collected=2|delta_collected=1
MOVE|step=15|phase=SWEEP_EAST|dir=EAST|result=OK|before=room=2|x=10|y=11|collected=2|after=room=2|x=11|y=11|collected=2|delta_collected=0
MOVE|step=16|phase=SWEEP_EAST|dir=EAST|result=OK|before=room=2|x=11|y=11|collected=2|after=room=2|x=11|y=11|collected=3|delta_collected=1
MOVE|step=17|phase=SWEEP_EAST|dir=EAST|result=OK|before=room=2|x=11|y=11|collected=3|after=room=2|x=12|y=11|collected=3|delta_collected=0
MOVE|step=18|phase=SWEEP_EAST|dir=EAST|result=OK|before=room=2|x=12|y=11|collected=3|after=room=2|x=13|y=11|collected=3|delta_collected=0
MOVE|step=19|phase=SWEEP_EAST|dir=EAST|result=OK|before=room=2|x=13|y=11|collected=3|after=room=2|x=14|y=11|collected=3|delta_collected=0
MOVE|step=20|phase=SWEEP_EAST|dir=EAST|result=BLOCKED|before=room=2|x=14|y=11|collected=3|after=room=2|x=14|y=11|collected=3|delta_collected=0
SWEEP_END|phase=SWEEP_EAST|reason=BLOCKED|moves=13
STATE|step=20|phase=FINAL|state=room=2|x=14|y=11|collected=3
RUN_END|steps=20|collected_total=3
